<?xml version="1.0" encoding="UTF-8"?>
<!-- Generated by org.testng.reporters.JUnitReportReporter -->
<testsuite hostname="ABRA" name="com.aws.main.AppTest" tests="5" failures="0" timestamp="29 Jun 2018 16:05:26 GMT" time="197.211" errors="0">
  <testcase name="CreateList" time="15.254" classname="com.aws.main.AppTest"/>
  <testcase name="Register" time="22.363" classname="com.aws.main.AppTest"/>
  <testcase name="Login" time="3.992" classname="com.aws.main.AppTest"/>
  <testcase name="getAmazonWS" time="29.480" classname="com.aws.main.AppTest"/>
  <testcase name="ProductAddList" time="126.122" classname="com.aws.main.AppTest"/>
</testsuite> <!-- com.aws.main.AppTest -->
